<?xml version="1.0" encoding="UTF-8"?>
<!-- Generated by org.testng.reporters.JUnitReportReporter -->
<testsuite hostname="Yaseens-MacBook-Pro.local" failures="0" tests="1" name="RealTimeExcercise.testng_GoogleSearch" time="6.792" errors="1" timestamp="2023-07-16T18:42:43 CEST" skipped="0">
  <testcase classname="RealTimeExcercise.testng_GoogleSearch" name="verifyTextboxinput" time="6.792">
    <error message="element click intercepted: Element &lt;a class=&quot;pHiOh&quot; href=&quot;https://www.google.com/intl/en_de/ads/?subid=ww-ww-et-g-awa-a-g_hpafoot1_1!o2&amp;amp;utm_source=google.com&amp;amp;utm_medium=referral&amp;amp;utm_campaign=google_hpafooter&amp;amp;fg=1&quot; ping=&quot;/url?sa=t&amp;amp;rct=j&amp;amp;source=webhp&amp;amp;url=https://www.google.com/intl/en_de/ads/%3Fsubid%3Dww-ww-et-g-awa-a-g_hpafoot1_1!o2%26utm_source%3Dgoogle.com%26utm_medium%3Dreferral%26utm_campaign%3Dgoogle_hpafooter%26fg%3D1&amp;amp;ved=0ahUKEwje2Y721ZOAAxW-cfEDHcHMC8wQkdQCCBQ&amp;amp;opi=89978449&quot;&gt;...&lt;/a&gt; is not clickable at point (69, 673). Other element would receive the click: &lt;div class=&quot;jw8mI&quot;&gt;...&lt;/div&gt;
  (Session info: chrome=114.0.5735.198)
Build info: version: &#039;4.10.0&#039;, revision: &#039;c14d967899&#039;
System info: os.name: &#039;Mac OS X&#039;, os.arch: &#039;aarch64&#039;, os.version: &#039;13.4&#039;, java.version: &#039;17.0.2&#039;
Driver info: org.openqa.selenium.chrome.ChromeDriver
Command: [548c3de74a6c4506f8b64442d3869fd9, clickElement {id=06EB448F40B51645F9C761FDBECF68C9_element_19}]
Capabilities {acceptInsecureCerts: false, browserName: chrome, browserVersion: 114.0.5735.198, chrome: {chromedriverVersion: 114.0.5735.90 (386bc09e8f4f..., userDataDir: /var/folders/_5/8wpkhk3d5jj...}, goog:chromeOptions: {debuggerAddress: localhost:63456}, networkConnectionEnabled: false, pageLoadStrategy: normal, platformName: mac, proxy: Proxy(), se:cdp: ws://localhost:63456/devtoo..., se:cdpVersion: 114.0.5735.198, setWindowRect: true, strictFileInteractability: false, timeouts: {implicit: 0, pageLoad: 300000, script: 30000}, unhandledPromptBehavior: dismiss and notify, webauthn:extension:credBlob: true, webauthn:extension:largeBlob: true, webauthn:extension:minPinLength: true, webauthn:extension:prf: true, webauthn:virtualAuthenticators: true}
Element: [[ChromeDriver: chrome on mac (548c3de74a6c4506f8b64442d3869fd9)] -&gt; xpath: //a[@class=&#039;pHiOh&#039;]]
Session ID: 548c3de74a6c4506f8b64442d3869fd9" type="org.openqa.selenium.ElementClickInterceptedException">
      <![CDATA[org.openqa.selenium.ElementClickInterceptedException: element click intercepted: Element <a class="pHiOh" href="https://www.google.com/intl/en_de/ads/?subid=ww-ww-et-g-awa-a-g_hpafoot1_1!o2&amp;utm_source=google.com&amp;utm_medium=referral&amp;utm_campaign=google_hpafooter&amp;fg=1" ping="/url?sa=t&amp;rct=j&amp;source=webhp&amp;url=https://www.google.com/intl/en_de/ads/%3Fsubid%3Dww-ww-et-g-awa-a-g_hpafoot1_1!o2%26utm_source%3Dgoogle.com%26utm_medium%3Dreferral%26utm_campaign%3Dgoogle_hpafooter%26fg%3D1&amp;ved=0ahUKEwje2Y721ZOAAxW-cfEDHcHMC8wQkdQCCBQ&amp;opi=89978449">...</a> is not clickable at point (69, 673). Other element would receive the click: <div class="jw8mI">...</div>
  (Session info: chrome=114.0.5735.198)
Build info: version: '4.10.0', revision: 'c14d967899'
System info: os.name: 'Mac OS X', os.arch: 'aarch64', os.version: '13.4', java.version: '17.0.2'
Driver info: org.openqa.selenium.chrome.ChromeDriver
Command: [548c3de74a6c4506f8b64442d3869fd9, clickElement {id=06EB448F40B51645F9C761FDBECF68C9_element_19}]
Capabilities {acceptInsecureCerts: false, browserName: chrome, browserVersion: 114.0.5735.198, chrome: {chromedriverVersion: 114.0.5735.90 (386bc09e8f4f..., userDataDir: /var/folders/_5/8wpkhk3d5jj...}, goog:chromeOptions: {debuggerAddress: localhost:63456}, networkConnectionEnabled: false, pageLoadStrategy: normal, platformName: mac, proxy: Proxy(), se:cdp: ws://localhost:63456/devtoo..., se:cdpVersion: 114.0.5735.198, setWindowRect: true, strictFileInteractability: false, timeouts: {implicit: 0, pageLoad: 300000, script: 30000}, unhandledPromptBehavior: dismiss and notify, webauthn:extension:credBlob: true, webauthn:extension:largeBlob: true, webauthn:extension:minPinLength: true, webauthn:extension:prf: true, webauthn:virtualAuthenticators: true}
Element: [[ChromeDriver: chrome on mac (548c3de74a6c4506f8b64442d3869fd9)] -> xpath: //a[@class='pHiOh']]
Session ID: 548c3de74a6c4506f8b64442d3869fd9
at java.base/jdk.internal.reflect.NativeConstructorAccessorImpl.newInstance0(Native Method)
at java.base/jdk.internal.reflect.NativeConstructorAccessorImpl.newInstance(NativeConstructorAccessorImpl.java:77)
at java.base/jdk.internal.reflect.DelegatingConstructorAccessorImpl.newInstance(DelegatingConstructorAccessorImpl.java:45)
at java.base/java.lang.reflect.Constructor.newInstanceWithCaller(Constructor.java:499)
at java.base/java.lang.reflect.Constructor.newInstance(Constructor.java:480)
at org.openqa.selenium.remote.codec.w3c.W3CHttpResponseCodec.createException(W3CHttpResponseCodec.java:199)
at org.openqa.selenium.remote.codec.w3c.W3CHttpResponseCodec.decode(W3CHttpResponseCodec.java:132)
at org.openqa.selenium.remote.codec.w3c.W3CHttpResponseCodec.decode(W3CHttpResponseCodec.java:51)
at org.openqa.selenium.remote.HttpCommandExecutor.execute(HttpCommandExecutor.java:191)
at org.openqa.selenium.remote.service.DriverCommandExecutor.invokeExecute(DriverCommandExecutor.java:196)
at org.openqa.selenium.remote.service.DriverCommandExecutor.execute(DriverCommandExecutor.java:171)
at org.openqa.selenium.remote.RemoteWebDriver.execute(RemoteWebDriver.java:531)
at org.openqa.selenium.remote.RemoteWebElement.execute(RemoteWebElement.java:242)
at org.openqa.selenium.remote.RemoteWebElement.click(RemoteWebElement.java:77)
at RealTimeExcercise.testng_GoogleSearch.verifyTextboxinput(testng_GoogleSearch.java:29)
at java.base/jdk.internal.reflect.NativeMethodAccessorImpl.invoke0(Native Method)
at java.base/jdk.internal.reflect.NativeMethodAccessorImpl.invoke(NativeMethodAccessorImpl.java:77)
at java.base/jdk.internal.reflect.DelegatingMethodAccessorImpl.invoke(DelegatingMethodAccessorImpl.java:43)
at java.base/java.lang.reflect.Method.invoke(Method.java:568)
at org.testng.internal.invokers.MethodInvocationHelper.invokeMethod(MethodInvocationHelper.java:139)
at org.testng.internal.invokers.TestInvoker.invokeMethod(TestInvoker.java:664)
at org.testng.internal.invokers.TestInvoker.invokeTestMethod(TestInvoker.java:227)
at org.testng.internal.invokers.MethodRunner.runInSequence(MethodRunner.java:50)
at org.testng.internal.invokers.TestInvoker$MethodInvocationAgent.invoke(TestInvoker.java:957)
at org.testng.internal.invokers.TestInvoker.invokeTestMethods(TestInvoker.java:200)
at org.testng.internal.invokers.TestMethodWorker.invokeTestMethods(TestMethodWorker.java:148)
at org.testng.internal.invokers.TestMethodWorker.run(TestMethodWorker.java:128)
at java.base/java.util.ArrayList.forEach(ArrayList.java:1511)
at org.testng.TestRunner.privateRun(TestRunner.java:848)
at org.testng.TestRunner.run(TestRunner.java:621)
at org.testng.SuiteRunner.runTest(SuiteRunner.java:443)
at org.testng.SuiteRunner.runSequentially(SuiteRunner.java:437)
at org.testng.SuiteRunner.privateRun(SuiteRunner.java:397)
at org.testng.SuiteRunner.run(SuiteRunner.java:336)
at org.testng.SuiteRunnerWorker.runSuite(SuiteRunnerWorker.java:52)
at org.testng.SuiteRunnerWorker.run(SuiteRunnerWorker.java:95)
at org.testng.TestNG.runSuitesSequentially(TestNG.java:1280)
at org.testng.TestNG.runSuitesLocally(TestNG.java:1200)
at org.testng.TestNG.runSuites(TestNG.java:1114)
at org.testng.TestNG.run(TestNG.java:1082)
at org.testng.remote.AbstractRemoteTestNG.run(AbstractRemoteTestNG.java:115)
at org.testng.remote.RemoteTestNG.initAndRun(RemoteTestNG.java:251)
at org.testng.remote.RemoteTestNG.main(RemoteTestNG.java:77)
]]>
    </error>
  </testcase> <!-- verifyTextboxinput -->
</testsuite> <!-- RealTimeExcercise.testng_GoogleSearch -->
